<?xml version="1.0" encoding="UTF-8"?>
<!-- Generated by org.testng.reporters.JUnitReportReporter -->
<testsuite hostname="DESKTOP-FF2F2R1" failures="0" tests="1" name="LoginPage.LoginPageHomeFunctionalityCheck" time="1.433" errors="0" timestamp="2023-08-09T13:25:19 IST" skipped="0">
  <testcase classname="LoginPage.LoginPageHomeFunctionalityCheck" name="checkHomeFunctionality" time="1.433"/>
</testsuite> <!-- LoginPage.LoginPageHomeFunctionalityCheck -->
