<?xml version="1.0" encoding="UTF-8"?>
<!-- Generated by org.testng.reporters.JUnitReportReporter -->
<testsuite hostname="DESKTOP-FF2F2R1" failures="0" tests="2" name="LoginPage.VerifyForgotPasswordFunctionality" time="7.234" errors="0" timestamp="2023-08-09T17:23:09 IST" skipped="0">
  <testcase classname="LoginPage.VerifyForgotPasswordFunctionality" name="checkLoginLink" time="1.245"/>
  <testcase classname="LoginPage.VerifyForgotPasswordFunctionality" name="checkSignupLink" time="5.989"/>
</testsuite> <!-- LoginPage.VerifyForgotPasswordFunctionality -->
