<?xml version="1.0" encoding="UTF-8"?>
<!-- Generated by org.testng.reporters.JUnitReportReporter -->
<testsuite hostname="DESKTOP-FF2F2R1" failures="0" tests="1" name="LoginPage.LoginWithValidCredential" time="9.096" errors="0" timestamp="2023-08-09T13:12:55 IST" skipped="0">
  <testcase classname="LoginPage.LoginWithValidCredential" name="RememberMe" time="9.096"/>
</testsuite> <!-- LoginPage.LoginWithValidCredential -->
