<?xml version="1.0" encoding="UTF-8"?>
<!-- Generated by org.testng.reporters.JUnitReportReporter -->
<testsuite hostname="DESKTOP-FF2F2R1" failures="0" tests="3" name="Signup.VerifyLoginLinkInSignUpPage1" time="4.529" errors="0" timestamp="2023-08-11T17:15:17 IST" skipped="0">
  <testcase classname="Signup.VerifyLoginLinkInSignUpPage1" name="checkLoginLink" time="3.006"/>
  <testcase classname="Signup.VerifyLoginLinkInSignUpPage1" name="checkSignupLink" time="0.467"/>
  <testcase classname="Signup.VerifyLoginLinkInSignUpPage1" name="FillupSignupform" time="1.056"/>
</testsuite> <!-- Signup.VerifyLoginLinkInSignUpPage1 -->
