<?xml version="1.0" encoding="UTF-8"?>
<!-- Generated by org.testng.reporters.JUnitReportReporter -->
<testsuite hostname="DESKTOP-FF2F2R1" failures="0" tests="2" name="Homepage.InvalidCustomerDetailsPendingApprovals" time="9.963" errors="0" timestamp="2023-08-16T13:23:04 IST" skipped="0">
  <testcase classname="Homepage.InvalidCustomerDetailsPendingApprovals" name="RememberMe" time="8.649"/>
  <testcase classname="Homepage.InvalidCustomerDetailsPendingApprovals" name="InquiryEntry" time="1.314"/>
</testsuite> <!-- Homepage.InvalidCustomerDetailsPendingApprovals -->
