<?xml version="1.0" encoding="UTF-8"?>
<!-- Generated by org.testng.reporters.JUnitReportReporter -->
<testsuite hostname="DESKTOP-FF2F2R1" failures="0" tests="2" name="Homepage.Tets" time="18.779" errors="0" timestamp="2023-08-16T17:06:52 IST" skipped="0">
  <testcase classname="Homepage.Tets" name="RememberMe" time="8.201"/>
  <testcase classname="Homepage.Tets" name="InquiryEntry" time="10.578"/>
</testsuite> <!-- Homepage.Tets -->
