<?xml version="1.0" encoding="UTF-8"?>
<!-- Generated by org.testng.reporters.JUnitReportReporter -->
<testsuite hostname="DESKTOP-FF2F2R1" failures="0" tests="3" name="Signup.ValidDetails" time="5.335" errors="0" timestamp="2023-08-11T15:02:32 IST" skipped="0">
  <testcase classname="Signup.ValidDetails" name="checkLoginLink" time="1.554"/>
  <testcase classname="Signup.ValidDetails" name="checkSignupLink" time="0.471"/>
  <testcase classname="Signup.ValidDetails" name="FillupSignupform" time="3.310"/>
</testsuite> <!-- Signup.ValidDetails -->
