<?xml version="1.0" encoding="UTF-8"?>
<!-- Generated by org.testng.reporters.JUnitReportReporter -->
<testsuite hostname="DESKTOP-FF2F2R1" failures="0" tests="2" name="exportPage.OnlyWithDateFilter" time="8.622" errors="0" timestamp="2023-08-22T15:28:49 IST" skipped="0">
  <testcase classname="exportPage.OnlyWithDateFilter" name="RememberMe" time="8.200"/>
  <testcase classname="exportPage.OnlyWithDateFilter" name="Export" time="0.422"/>
</testsuite> <!-- exportPage.OnlyWithDateFilter -->
