<?xml version="1.0" encoding="UTF-8"?>
<!-- Generated by org.testng.reporters.JUnitReportReporter -->
<testsuite hostname="DESKTOP-FF2F2R1" failures="0" tests="2" name="Homepage.ValidCustomerDetails" time="9.396" errors="0" timestamp="2023-08-11T18:12:58 IST" skipped="0">
  <testcase classname="Homepage.ValidCustomerDetails" name="RememberMe" time="8.086"/>
  <testcase classname="Homepage.ValidCustomerDetails" name="InquiryEntry" time="1.310"/>
</testsuite> <!-- Homepage.ValidCustomerDetails -->
