<?xml version="1.0" encoding="UTF-8"?>
<!-- Generated by org.testng.reporters.JUnitReportReporter -->
<testsuite hostname="DESKTOP-FF2F2R1" failures="0" tests="2" name="Homepage.ValidCustomerDetails" time="10.256" errors="0" timestamp="2023-08-12T10:55:00 IST" skipped="0">
  <testcase classname="Homepage.ValidCustomerDetails" name="RememberMe" time="8.910"/>
  <testcase classname="Homepage.ValidCustomerDetails" name="InquiryEntry" time="1.346"/>
</testsuite> <!-- Homepage.ValidCustomerDetails -->
