<?xml version="1.0" encoding="UTF-8"?>
<!-- Generated by org.testng.reporters.JUnitReportReporter -->
<testsuite hostname="DESKTOP-FF2F2R1" failures="0" tests="2" name="exportPage.WithoutAnyFilters" time="9.761" errors="0" timestamp="2023-08-16T13:56:47 IST" skipped="0">
  <testcase classname="exportPage.WithoutAnyFilters" name="RememberMe" time="9.004"/>
  <testcase classname="exportPage.WithoutAnyFilters" name="Export" time="0.757"/>
</testsuite> <!-- exportPage.WithoutAnyFilters -->
