<?xml version="1.0" encoding="UTF-8"?>
<!-- Generated by org.testng.reporters.JUnitReportReporter -->
<testsuite hostname="DESKTOP-FF2F2R1" failures="0" tests="1" name="LoginPage.LoginTcs" time="27.204" errors="0" timestamp="2023-08-09T11:55:29 IST" skipped="0">
  <testcase classname="LoginPage.LoginTcs" name="RememberMe" time="27.204"/>
</testsuite> <!-- LoginPage.LoginTcs -->
