<?xml version="1.0" encoding="UTF-8"?>
<!-- Generated by org.testng.reporters.JUnitReportReporter -->
<testsuite hostname="DESKTOP-FF2F2R1" failures="0" tests="3" name="Signup.InvalidMailID" time="3.543" errors="0" timestamp="2023-08-11T15:27:17 IST" skipped="0">
  <testcase classname="Signup.InvalidMailID" name="checkLoginLink" time="2.142"/>
  <testcase classname="Signup.InvalidMailID" name="checkSignupLink" time="0.477"/>
  <testcase classname="Signup.InvalidMailID" name="FillupSignupform" time="0.924"/>
</testsuite> <!-- Signup.InvalidMailID -->
