<?xml version="1.0" encoding="UTF-8"?>
<!-- Generated by org.testng.reporters.JUnitReportReporter -->
<testsuite hostname="DESKTOP-FF2F2R1" failures="0" tests="2" name="Homepage.InquiryFormSubmissionwithoutanyInput" time="25.877" errors="0" timestamp="2023-08-16T13:20:35 IST" skipped="0">
  <testcase classname="Homepage.InquiryFormSubmissionwithoutanyInput" name="RememberMe" time="8.240"/>
  <testcase classname="Homepage.InquiryFormSubmissionwithoutanyInput" name="InquiryEntry" time="17.637"/>
</testsuite> <!-- Homepage.InquiryFormSubmissionwithoutanyInput -->
